<?xml version="1.0" encoding="UTF-8"?>
<!-- Generated by org.testng.reporters.JUnitReportReporter -->
<testsuite hostname="DESKTOP-IRGSO8R" failures="0" tests="1" name="com.graphql.test.AllFilms" time="1.873" errors="0" timestamp="2021-11-21T15:13:11 IST" skipped="0">
  <testcase classname="com.graphql.test.AllFilms" name="getAllFilms" time="1.873"/>
  <system-out/>
</testsuite> <!-- com.graphql.test.AllFilms -->
